<?xml version="1.0" encoding="utf-8"?><testsuites name="pytest tests"><testsuite name="pytest" errors="0" failures="0" skipped="1" tests="23" time="49.622" timestamp="2026-06-28T08:54:54.031584+00:00" hostname="agent-env-e3140e71-9447-46bf-9cf6-6458152b12e9"><testcase classname="tests.backend_test.TestRegression" name="test_root_alive" time="0.257" /><testcase classname="tests.backend_test.TestStructuredGeneration" name="test_swot_shape" time="8.197" /><testcase classname="tests.backend_test.TestRegression" name="test_signup_idempotent" time="0.191" /><testcase classname="tests.backend_test.TestRegression" name="test_me_without_token_401" time="0.044" /><testcase classname="tests.backend_test.TestRegression" name="test_me_with_bearer" time="0.125" /><testcase classname="tests.backend_test.TestRegression" name="test_chat_regression" time="12.429" /><testcase classname="tests.backend_test.TestStructuredGeneration" name="test_vc_score_shape" time="9.167" /><testcase classname="tests.backend_test.TestDashboard" name="test_dashboard_requires_auth" time="0.041" /><testcase classname="tests.backend_test.TestDashboard" name="test_dashboard_with_project" time="0.046" /><testcase classname="tests.backend_test.TestDashboard" name="test_dashboard_aggregates_after_generations" time="0.044" /><testcase classname="tests.backend_test.TestDashboard" name="test_dashboard_no_project_id_fallback" time="0.044" /><testcase classname="tests.backend_test.TestDashboard" name="test_dashboard_unknown_project_404" time="0.043" /><testcase classname="tests.backend_test.TestProjects" name="test_list_requires_auth" time="0.040" /><testcase classname="tests.backend_test.TestProjects" name="test_seeded_project_present" time="0.044" /><testcase classname="tests.backend_test.TestProjects" name="test_crud_cycle" time="0.137" /><testcase classname="tests.backend_test.TestGenerationsCrud" name="test_list_filtered" time="0.053" /><testcase classname="tests.backend_test.TestGenerationsCrud" name="test_delete_one_generation" time="0.001"><skipped type="pytest.skip" message="No generation to delete">/app/backend/tests/backend_test.py:260: No generation to delete</skipped></testcase><testcase classname="tests.backend_test.TestStructuredGeneration" name="test_pitch_deck_shape" time="15.083" /><testcase classname="tests.backend_test.TestStructuredGeneration" name="test_marketing_plan_shape" time="7.822" /><testcase classname="tests.backend_test.TestStructuredGeneration" name="test_brand_strategy_shape" time="8.767" /><testcase classname="tests.backend_test.TestStructuredGeneration" name="test_invalid_kind_422" time="0.043" /><testcase classname="tests.backend_test.TestStructuredGeneration" name="test_generate_requires_auth" time="0.177" /><testcase classname="tests.backend_test.TestStructuredGeneration" name="test_unknown_project_404" time="0.045" /></testsuite></testsuites>