<?xml version="1.0" encoding="utf-8"?><testsuites name="pytest tests"><testsuite name="pytest" errors="0" failures="0" skipped="1" tests="20" time="24.280" timestamp="2026-06-28T08:17:13.085399+00:00" hostname="agent-env-e3140e71-9447-46bf-9cf6-6458152b12e9"><testcase classname="tests.backend_test.TestRegressionPhase1" name="test_root_alive" time="0.362" /><testcase classname="tests.backend_test.TestGenerations" name="test_generate_each_kind[swot]" time="10.080" /><testcase classname="tests.backend_test.TestRegressionPhase1" name="test_signup_idempotent" time="0.090" /><testcase classname="tests.backend_test.TestRegressionPhase1" name="test_chat" time="3.639" /><testcase classname="tests.backend_test.TestAuth" name="test_me_without_token_401" time="0.042" /><testcase classname="tests.backend_test.TestAuth" name="test_me_with_bearer" time="0.100" /><testcase classname="tests.backend_test.TestAuth" name="test_me_with_bad_token_401" time="0.041" /><testcase classname="tests.backend_test.TestProjects" name="test_list_projects_requires_auth" time="0.043" /><testcase classname="tests.backend_test.TestProjects" name="test_list_projects_returns_seeded" time="0.047" /><testcase classname="tests.backend_test.TestProjects" name="test_project_crud_cycle" time="0.309" /><testcase classname="tests.backend_test.TestNewsletter" name="test_subscribe_new_then_already_subscribed" time="0.329" /><testcase classname="tests.backend_test.TestNewsletter" name="test_subscribe_invalid_email_422" time="0.044" /><testcase classname="tests.backend_test.TestNewsletter" name="test_subscribe_verified_resend_inbox" time="0.043"><skipped type="pytest.skip" message="Verified inbox already subscribed in prior run — cannot verify email_sent=True path">/app/backend/tests/backend_test.py:233: Verified inbox already subscribed in prior run — cannot verify email_sent=True path</skipped></testcase><testcase classname="tests.backend_test.TestGenerations" name="test_generate_each_kind[marketing_plan]" time="8.058" /><testcase classname="tests.backend_test.TestGenerations" name="test_generate_each_kind[one_minute_pitch]" time="5.410" /><testcase classname="tests.backend_test.TestGenerations" name="test_generate_requires_auth" time="0.136" /><testcase classname="tests.backend_test.TestGenerations" name="test_generate_invalid_kind_422" time="0.045" /><testcase classname="tests.backend_test.TestGenerations" name="test_generate_unknown_project_404" time="0.045" /><testcase classname="tests.backend_test.TestGenerations" name="test_list_generations_filtered" time="0.046" /><testcase classname="tests.backend_test.TestGenerations" name="test_delete_generation" time="0.132" /></testsuite></testsuites>